{"meta": {"version": "5.0.3", "timestamp": "2020-03-04T13:48:18.954582", "branch_coverage": true, "show_contexts": false}, "files": {"recipe_scrapers/_utils.py": {"executed_lines": [1, 3, 6, 11, 15, 19, 24, 25, 26, 27, 29, 30, 32, 34, 35, 37, 38, 39, 42, 49, 51, 52, 54, 56, 57, 59, 60, 62, 65, 67, 74, 75, 84, 92, 93, 95, 96, 97, 98, 99, 100, 101, 102, 103], "summary": {"covered_lines": 44, "num_statements": 48, "percent_covered": 91.66666666666667, "missing_lines": 4, "excluded_lines": 0, "num_branches": 12, "num_partial_branches": 1}, "missing_lines": [31, 69, 70, 71], "excluded_lines": []}, "recipe_scrapers/allrecipes.py": {"executed_lines": [1, 2, 5, 7, 9, 11, 12, 14, 15, 17, 22, 23, 32, 33, 35, 37, 38, 41, 42, 44, 49, 50, 54, 55, 56, 58, 60, 61, 66, 67, 72, 82, 83, 88, 89, 94, 99, 100, 104, 105], "summary": {"covered_lines": 40, "num_statements": 40, "percent_covered": 98.27586206896552, "missing_lines": 0, "excluded_lines": 0, "num_branches": 18, "num_partial_branches": 1}, "missing_lines": [], "excluded_lines": []}, "recipe_scrapers/bbcfood.py": {"executed_lines": [1, 2, 5, 7, 8, 9, 11, 12, 14, 15, 27, 28, 33, 34, 38, 41, 45, 47, 48, 53, 58, 59, 64], "summary": {"covered_lines": 23, "num_statements": 24, "percent_covered": 93.33333333333333, "missing_lines": 1, "excluded_lines": 0, "num_branches": 6, "num_partial_branches": 1}, "missing_lines": [39], "excluded_lines": []}, "recipe_scrapers/bbcgoodfood.py": {"executed_lines": [1, 2, 5, 7, 9, 11, 12, 14, 15, 27, 28, 33, 34, 38, 40, 41, 46, 56, 57, 62], "summary": {"covered_lines": 20, "num_statements": 20, "percent_covered": 100.0, "missing_lines": 0, "excluded_lines": 0, "num_branches": 4, "num_partial_branches": 0}, "missing_lines": [], "excluded_lines": []}, "recipe_scrapers/bettycrocker.py": {"executed_lines": [6, 7, 10, 12, 14, 16, 17, 19, 20, 21, 25, 26, 27, 28, 29, 31, 32, 35, 36, 37, 38, 45, 46, 50, 51, 52, 54, 56, 57, 62, 68, 78, 79, 83, 84, 85, 89, 91, 92, 93, 95, 96, 100, 101, 102], "summary": {"covered_lines": 45, "num_statements": 47, "percent_covered": 88.52459016393442, "missing_lines": 2, "excluded_lines": 0, "num_branches": 14, "num_partial_branches": 5}, "missing_lines": [40, 63], "excluded_lines": []}, "recipe_scrapers/bonappetit.py": {"executed_lines": [1, 2, 5, 7, 9, 11, 12, 17, 18, 20, 21, 28, 29, 34, 39, 40, 45], "summary": {"covered_lines": 17, "num_statements": 17, "percent_covered": 100.0, "missing_lines": 0, "excluded_lines": 0, "num_branches": 4, "num_partial_branches": 0}, "missing_lines": [], "excluded_lines": []}, "recipe_scrapers/budgetbytes.py": {"executed_lines": [1, 2, 5, 7, 9, 11, 12, 17, 18, 23, 24, 29, 31, 32, 37, 42, 43, 48, 53, 54], "summary": {"covered_lines": 20, "num_statements": 20, "percent_covered": 100.0, "missing_lines": 0, "excluded_lines": 0, "num_branches": 4, "num_partial_branches": 0}, "missing_lines": [], "excluded_lines": []}, "recipe_scrapers/closetcooking.py": {"executed_lines": [1, 2, 5, 7, 9, 11, 12, 17, 18, 20, 21, 23, 24, 29, 34, 35, 40], "summary": {"covered_lines": 17, "num_statements": 17, "percent_covered": 100.0, "missing_lines": 0, "excluded_lines": 0, "num_branches": 4, "num_partial_branches": 0}, "missing_lines": [], "excluded_lines": []}, "recipe_scrapers/cookstr.py": {"executed_lines": [1, 2, 5, 7, 9, 11, 12, 17, 29, 30, 34, 35, 36, 37, 39, 41, 42, 47, 52, 53, 58], "summary": {"covered_lines": 21, "num_statements": 29, "percent_covered": 68.29268292682927, "missing_lines": 8, "excluded_lines": 0, "num_branches": 12, "num_partial_branches": 1}, "missing_lines": [18, 22, 23, 24, 25, 26, 27, 38], "excluded_lines": []}, "recipe_scrapers/copykat.py": {"executed_lines": [6, 7, 10, 12, 14, 16, 17, 19, 20, 21, 22, 26, 27, 28, 32, 39, 40, 41, 43, 44, 48, 49, 50, 52, 53, 55, 56, 57, 58, 60, 61, 66, 67, 68, 69, 71, 72, 73, 75, 76, 77, 78, 79, 81, 82, 85, 86, 87, 88, 89, 92, 93, 94, 95, 96, 98, 101, 103, 104, 105, 109, 111, 112, 116], "summary": {"covered_lines": 64, "num_statements": 70, "percent_covered": 85.1063829787234, "missing_lines": 6, "excluded_lines": 0, "num_branches": 24, "num_partial_branches": 6}, "missing_lines": [33, 34, 35, 36, 38, 74], "excluded_lines": []}, "recipe_scrapers/delish.py": {"executed_lines": [6, 8, 9, 11, 13, 15, 17, 21, 29, 37, 57, 70], "summary": {"covered_lines": 12, "num_statements": 27, "percent_covered": 38.70967741935484, "missing_lines": 15, "excluded_lines": 0, "num_branches": 4, "num_partial_branches": 0}, "missing_lines": [18, 22, 27, 30, 35, 38, 40, 47, 48, 51, 55, 60, 65, 71, 77], "excluded_lines": []}, "recipe_scrapers/epicurious.py": {"executed_lines": [1, 2, 5, 7, 9, 11, 12, 17, 18, 20, 26, 27, 31, 33, 34, 39, 44, 45, 50, 55, 56, 57, 58, 59, 61, 62, 63, 65, 66, 67, 68, 69, 70, 73, 74, 75, 76, 77, 78, 79, 80, 84], "summary": {"covered_lines": 42, "num_statements": 44, "percent_covered": 95.0, "missing_lines": 2, "excluded_lines": 0, "num_branches": 16, "num_partial_branches": 1}, "missing_lines": [21, 72], "excluded_lines": []}, "recipe_scrapers/finedininglovers.py": {"executed_lines": [1, 2, 5, 7, 9, 11, 12, 17, 18, 23, 24, 29, 31, 32, 36, 41, 46, 47, 51, 56, 61, 62, 63, 64, 66], "summary": {"covered_lines": 25, "num_statements": 25, "percent_covered": 100.0, "missing_lines": 0, "excluded_lines": 0, "num_branches": 4, "num_partial_branches": 0}, "missing_lines": [], "excluded_lines": []}, "recipe_scrapers/food.py": {"executed_lines": [1, 3, 4, 7, 9, 11, 13, 14, 16, 17, 22, 23, 28, 29, 34, 39, 40, 45, 50, 51], "summary": {"covered_lines": 20, "num_statements": 20, "percent_covered": 100.0, "missing_lines": 0, "excluded_lines": 0, "num_branches": 4, "num_partial_branches": 0}, "missing_lines": [], "excluded_lines": []}, "recipe_scrapers/foodnetwork.py": {"executed_lines": [1, 2, 5, 7, 9, 11, 12, 14, 15, 20, 21, 29, 30, 35, 40, 41, 46], "summary": {"covered_lines": 17, "num_statements": 17, "percent_covered": 100.0, "missing_lines": 0, "excluded_lines": 0, "num_branches": 4, "num_partial_branches": 0}, "missing_lines": [], "excluded_lines": []}, "recipe_scrapers/foodrepublic.py": {"executed_lines": [1, 2, 5, 7, 9, 11, 12, 14, 15, 27, 28, 33, 34, 39, 44, 45, 50], "summary": {"covered_lines": 17, "num_statements": 17, "percent_covered": 100.0, "missing_lines": 0, "excluded_lines": 0, "num_branches": 4, "num_partial_branches": 0}, "missing_lines": [], "excluded_lines": []}, "recipe_scrapers/geniuskitchen.py": {"executed_lines": [1, 2, 5, 7, 9, 11, 12, 14, 15, 20, 21, 29, 30, 35, 40, 41, 46, 48, 49, 50, 52, 54, 55, 60], "summary": {"covered_lines": 24, "num_statements": 24, "percent_covered": 100.0, "missing_lines": 0, "excluded_lines": 0, "num_branches": 6, "num_partial_branches": 0}, "missing_lines": [], "excluded_lines": []}, "recipe_scrapers/giallozafferano.py": {"executed_lines": [1, 2, 5, 7, 9, 11, 12, 14, 15, 20, 25, 26, 30, 31, 32, 35, 36, 41, 47, 52, 54, 59, 64, 65], "summary": {"covered_lines": 24, "num_statements": 26, "percent_covered": 89.47368421052632, "missing_lines": 2, "excluded_lines": 0, "num_branches": 12, "num_partial_branches": 2}, "missing_lines": [33, 42], "excluded_lines": []}, "recipe_scrapers/gonnawantseconds.py": {"executed_lines": [6, 7, 10, 12, 14, 16, 17, 19, 20, 21, 22, 26, 27, 28, 32, 39, 40, 41, 43, 44, 48, 49, 50, 52, 53, 55, 57, 58, 60, 61, 66, 67, 68, 69, 73, 74, 75, 76, 77, 78, 79, 81, 82, 85, 86, 87, 88, 89, 92, 93, 94, 95, 96, 99, 102, 104, 105, 106, 107, 111, 113, 114, 115, 117, 118, 121], "summary": {"covered_lines": 66, "num_statements": 73, "percent_covered": 83.50515463917526, "missing_lines": 7, "excluded_lines": 0, "num_branches": 24, "num_partial_branches": 7}, "missing_lines": [33, 34, 35, 36, 38, 71, 72], "excluded_lines": []}, "recipe_scrapers/greatbritishchefs.py": {"executed_lines": [6, 7, 10, 12, 14, 16, 17, 19, 20, 21, 25, 26, 30, 31, 32, 35, 36, 38, 39, 42, 43, 45, 47, 48, 52, 53, 54, 57, 58, 60, 61, 65, 66, 67, 68, 69, 70, 72, 73, 76, 79, 83, 85, 86, 88, 89, 92], "summary": {"covered_lines": 47, "num_statements": 49, "percent_covered": 88.88888888888889, "missing_lines": 2, "excluded_lines": 0, "num_branches": 14, "num_partial_branches": 5}, "missing_lines": [33, 55], "excluded_lines": []}, "recipe_scrapers/heinzbrasil.py": {"executed_lines": [1, 2, 5, 7, 9, 11, 12, 14, 17, 18, 20, 21, 23, 28, 29, 32], "summary": {"covered_lines": 16, "num_statements": 17, "percent_covered": 94.73684210526316, "missing_lines": 1, "excluded_lines": 0, "num_branches": 2, "num_partial_branches": 0}, "missing_lines": [15], "excluded_lines": []}, "recipe_scrapers/hellofresh.py": {"executed_lines": [1, 4, 5, 8, 10, 11, 12, 14, 15, 17, 18, 23, 24, 31, 32, 37, 39, 48, 49, 51, 56, 60, 62], "summary": {"covered_lines": 23, "num_statements": 23, "percent_covered": 100.0, "missing_lines": 0, "excluded_lines": 0, "num_branches": 6, "num_partial_branches": 0}, "missing_lines": [], "excluded_lines": []}, "recipe_scrapers/hundredandonecookbooks.py": {"executed_lines": [1, 2, 5, 7, 9, 11, 12, 14, 15, 20, 21, 26, 27, 32, 37, 38, 43], "summary": {"covered_lines": 17, "num_statements": 17, "percent_covered": 100.0, "missing_lines": 0, "excluded_lines": 0, "num_branches": 4, "num_partial_branches": 0}, "missing_lines": [], "excluded_lines": []}, "recipe_scrapers/ig.py": {"executed_lines": [1, 2, 5, 7, 9, 11, 12, 14, 15, 16, 19, 21, 22, 23, 26, 28, 29, 33, 36, 40, 42, 43, 48, 53, 54, 58], "summary": {"covered_lines": 26, "num_statements": 29, "percent_covered": 83.78378378378379, "missing_lines": 3, "excluded_lines": 0, "num_branches": 8, "num_partial_branches": 3}, "missing_lines": [17, 24, 34], "excluded_lines": []}, "recipe_scrapers/inspiralized.py": {"executed_lines": [1, 2, 5, 7, 9, 11, 12, 14, 15, 20, 21, 26, 27, 32, 37, 38, 43], "summary": {"covered_lines": 17, "num_statements": 17, "percent_covered": 100.0, "missing_lines": 0, "excluded_lines": 0, "num_branches": 4, "num_partial_branches": 0}, "missing_lines": [], "excluded_lines": []}, "recipe_scrapers/jamieoliver.py": {"executed_lines": [1, 2, 5, 7, 9, 11, 12, 14, 15, 20, 21, 26, 27, 31, 34, 38, 40, 41, 46, 51, 52, 56], "summary": {"covered_lines": 22, "num_statements": 23, "percent_covered": 92.5925925925926, "missing_lines": 1, "excluded_lines": 0, "num_branches": 4, "num_partial_branches": 1}, "missing_lines": [32], "excluded_lines": []}, "recipe_scrapers/kitchn.py": {"executed_lines": [1, 2, 5, 7, 9, 11, 12, 17, 18, 22, 24, 25, 32, 33, 38, 43, 44, 49], "summary": {"covered_lines": 18, "num_statements": 18, "percent_covered": 100.0, "missing_lines": 0, "excluded_lines": 0, "num_branches": 6, "num_partial_branches": 0}, "missing_lines": [], "excluded_lines": []}, "recipe_scrapers/matprat.py": {"executed_lines": [1, 2, 5, 7, 9, 11, 12, 14, 15, 16, 20, 21, 22, 23, 26, 27, 29, 30, 33, 34, 41, 42, 46, 47, 48, 49, 51, 52, 55, 58, 63, 64, 65, 66, 67, 68, 69, 70, 72, 73, 74, 75, 77, 78, 81, 83, 87, 88, 92, 94], "summary": {"covered_lines": 50, "num_statements": 53, "percent_covered": 88.73239436619718, "missing_lines": 3, "excluded_lines": 0, "num_branches": 18, "num_partial_branches": 5}, "missing_lines": [24, 36, 95], "excluded_lines": []}, "recipe_scrapers/mybakingaddiction.py": {"executed_lines": [1, 2, 5, 7, 9, 11, 12, 14, 15, 20, 21, 26, 27, 32, 37, 38, 43, 48, 49, 54], "summary": {"covered_lines": 20, "num_statements": 20, "percent_covered": 100.0, "missing_lines": 0, "excluded_lines": 0, "num_branches": 4, "num_partial_branches": 0}, "missing_lines": [], "excluded_lines": []}, "recipe_scrapers/nihhealthyeating.py": {"executed_lines": [1, 2, 5, 7, 9, 11, 12, 14, 15, 20, 25, 26, 31, 32, 33, 34, 35, 37, 39, 41, 42, 47, 52, 53, 61], "summary": {"covered_lines": 25, "num_statements": 26, "percent_covered": 92.10526315789474, "missing_lines": 1, "excluded_lines": 0, "num_branches": 12, "num_partial_branches": 2}, "missing_lines": [38], "excluded_lines": []}, "recipe_scrapers/panelinha.py": {"executed_lines": [1, 2, 5, 7, 9, 11, 12, 14, 15, 19, 20, 22, 27, 28, 30, 35, 36], "summary": {"covered_lines": 17, "num_statements": 17, "percent_covered": 100.0, "missing_lines": 0, "excluded_lines": 0, "num_branches": 4, "num_partial_branches": 0}, "missing_lines": [], "excluded_lines": []}, "recipe_scrapers/paninihappy.py": {"executed_lines": [1, 2, 5, 7, 9, 11, 12, 17, 18, 23, 24, 29, 30, 34, 36, 37, 42, 47, 48, 53], "summary": {"covered_lines": 20, "num_statements": 20, "percent_covered": 100.0, "missing_lines": 0, "excluded_lines": 0, "num_branches": 4, "num_partial_branches": 0}, "missing_lines": [], "excluded_lines": []}, "recipe_scrapers/realsimple.py": {"executed_lines": [1, 2, 5, 7, 9, 11, 12, 14, 15, 20, 21, 28, 29, 34, 39, 40, 45], "summary": {"covered_lines": 17, "num_statements": 17, "percent_covered": 100.0, "missing_lines": 0, "excluded_lines": 0, "num_branches": 4, "num_partial_branches": 0}, "missing_lines": [], "excluded_lines": []}, "recipe_scrapers/seriouseats.py": {"executed_lines": [1, 2, 5, 7, 9, 11, 12, 14, 15, 20, 21, 27, 28, 32, 37, 38, 43, 48], "summary": {"covered_lines": 18, "num_statements": 21, "percent_covered": 88.0, "missing_lines": 3, "excluded_lines": 0, "num_branches": 4, "num_partial_branches": 0}, "missing_lines": [49, 50, 51], "excluded_lines": []}, "recipe_scrapers/simplyrecipes.py": {"executed_lines": [1, 2, 5, 7, 9, 11, 12, 14, 15, 27, 28, 33, 34, 39, 44, 45, 50], "summary": {"covered_lines": 17, "num_statements": 17, "percent_covered": 100.0, "missing_lines": 0, "excluded_lines": 0, "num_branches": 4, "num_partial_branches": 0}, "missing_lines": [], "excluded_lines": []}, "recipe_scrapers/southernliving.py": {"executed_lines": [6, 7, 10, 12, 14, 16, 17, 19, 20, 21, 22, 26, 28, 31, 32, 35, 39, 40, 42, 43, 44, 47, 49, 52, 53, 56, 59, 60, 62, 63, 64, 66, 70, 75, 77, 78, 82, 83, 86, 87, 89, 91, 92, 96, 97, 101, 102, 103, 104, 106, 108, 109, 111, 112, 115, 117], "summary": {"covered_lines": 56, "num_statements": 62, "percent_covered": 90.0, "missing_lines": 6, "excluded_lines": 0, "num_branches": 18, "num_partial_branches": 2}, "missing_lines": [37, 38, 57, 58, 71, 72], "excluded_lines": []}, "recipe_scrapers/steamykitchen.py": {"executed_lines": [1, 2, 5, 7, 9, 11, 12, 17, 18, 23, 24, 26, 27, 31, 33, 34, 39, 45, 46, 51], "summary": {"covered_lines": 20, "num_statements": 20, "percent_covered": 100.0, "missing_lines": 0, "excluded_lines": 0, "num_branches": 4, "num_partial_branches": 0}, "missing_lines": [], "excluded_lines": []}, "recipe_scrapers/tastesoflizzyt.py": {"executed_lines": [1, 2, 5, 7, 9, 11, 12, 17, 18, 25, 26, 33, 34, 39, 44, 45, 50], "summary": {"covered_lines": 17, "num_statements": 17, "percent_covered": 100.0, "missing_lines": 0, "excluded_lines": 0, "num_branches": 4, "num_partial_branches": 0}, "missing_lines": [], "excluded_lines": []}, "recipe_scrapers/tastykitchen.py": {"executed_lines": [1, 2, 5, 7, 9, 11, 12, 17, 18, 30, 31, 36, 37, 41, 43, 44, 49, 54, 55, 60], "summary": {"covered_lines": 20, "num_statements": 20, "percent_covered": 100.0, "missing_lines": 0, "excluded_lines": 0, "num_branches": 4, "num_partial_branches": 0}, "missing_lines": [], "excluded_lines": []}, "recipe_scrapers/thehappyfoodie.py": {"executed_lines": [1, 2, 5, 6, 8, 10, 11, 13, 14, 21, 22, 27, 28, 32, 44, 49, 50, 54], "summary": {"covered_lines": 18, "num_statements": 18, "percent_covered": 100.0, "missing_lines": 0, "excluded_lines": 0, "num_branches": 6, "num_partial_branches": 0}, "missing_lines": [], "excluded_lines": []}, "recipe_scrapers/thepioneerwoman.py": {"executed_lines": [1, 2, 5, 7, 9, 11, 12, 17, 18, 26, 27, 31, 32, 37, 42, 43, 48], "summary": {"covered_lines": 17, "num_statements": 17, "percent_covered": 100.0, "missing_lines": 0, "excluded_lines": 0, "num_branches": 4, "num_partial_branches": 0}, "missing_lines": [], "excluded_lines": []}, "recipe_scrapers/thespruceeats.py": {"executed_lines": [1, 2, 3, 6, 8, 10, 12, 13, 15, 16, 21, 22, 29, 30, 38, 43, 44, 49, 54, 55], "summary": {"covered_lines": 20, "num_statements": 20, "percent_covered": 100.0, "missing_lines": 0, "excluded_lines": 0, "num_branches": 4, "num_partial_branches": 0}, "missing_lines": [], "excluded_lines": []}, "recipe_scrapers/thevintagemixer.py": {"executed_lines": [1, 2, 5, 7, 9, 11, 12, 17, 18, 22, 23, 27, 30, 34, 36, 37, 41, 47, 48, 53], "summary": {"covered_lines": 20, "num_statements": 21, "percent_covered": 92.5925925925926, "missing_lines": 1, "excluded_lines": 0, "num_branches": 6, "num_partial_branches": 1}, "missing_lines": [28], "excluded_lines": []}, "recipe_scrapers/tineno.py": {"executed_lines": [1, 2, 5, 7, 9, 11, 12, 14, 15, 16, 20, 21, 25, 26, 27, 30, 31, 33, 34, 37, 38, 45, 46, 50, 52, 54, 56, 58, 62, 63, 64, 65, 66, 67, 68, 69, 73, 74, 75, 76, 77, 78, 80, 81, 82, 83, 84, 85, 86, 87, 88, 90, 91, 94, 97, 101, 102, 103, 107, 108, 110, 112, 113, 117], "summary": {"covered_lines": 64, "num_statements": 68, "percent_covered": 88.29787234042553, "missing_lines": 4, "excluded_lines": 0, "num_branches": 26, "num_partial_branches": 7}, "missing_lines": [28, 40, 71, 72], "excluded_lines": []}, "recipe_scrapers/twopeasandtheirpod.py": {"executed_lines": [1, 2, 5, 7, 9, 11, 12, 17, 18, 21, 25, 29, 30, 36, 37, 42, 47, 48, 52, 57, 58, 63], "summary": {"covered_lines": 22, "num_statements": 22, "percent_covered": 100.0, "missing_lines": 0, "excluded_lines": 0, "num_branches": 4, "num_partial_branches": 0}, "missing_lines": [], "excluded_lines": []}, "recipe_scrapers/whatsgabycooking.py": {"executed_lines": [1, 2, 5, 7, 9, 11, 12, 17, 18, 23, 26, 27, 32, 38, 39, 44], "summary": {"covered_lines": 16, "num_statements": 17, "percent_covered": 95.23809523809524, "missing_lines": 1, "excluded_lines": 0, "num_branches": 4, "num_partial_branches": 0}, "missing_lines": [24], "excluded_lines": []}, "recipe_scrapers/wikicookbook.py": {"executed_lines": [1, 2, 5, 7, 9, 11, 12, 14, 15, 20, 21, 26, 27, 34, 36, 37, 42, 47, 48, 53], "summary": {"covered_lines": 20, "num_statements": 20, "percent_covered": 100.0, "missing_lines": 0, "excluded_lines": 0, "num_branches": 4, "num_partial_branches": 0}, "missing_lines": [], "excluded_lines": []}, "recipe_scrapers/yummly.py": {"executed_lines": [1, 2, 5, 7, 9, 11, 12, 14, 15, 19, 20, 24, 25, 30, 41, 42, 43], "summary": {"covered_lines": 17, "num_statements": 17, "percent_covered": 95.23809523809524, "missing_lines": 0, "excluded_lines": 0, "num_branches": 4, "num_partial_branches": 1}, "missing_lines": [], "excluded_lines": []}}, "totals": {"covered_lines": 1255, "num_statements": 1328, "percent_covered": 91.95064629847239, "missing_lines": 73, "excluded_lines": 0, "num_branches": 374, "num_partial_branches": 52}}